[10.609s] DEBUG:colcon:Command line arguments: ['/usr/bin/colcon', 'build', '--packages-select', 'robot_patrol']
[10.609s] DEBUG:colcon:Parsed command line arguments: Namespace(log_base=None, log_level=None, verb_name='build', build_base='build', install_base='install', merge_install=False, symlink_install=False, test_result_base=None, continue_on_error=False, executor='parallel', parallel_workers=8, event_handlers=None, ignore_user_meta=False, metas=['./colcon.meta'], base_paths=['.'], packages_ignore=None, packages_ignore_regex=None, paths=None, packages_up_to=None, packages_up_to_regex=None, packages_above=None, packages_above_and_dependencies=None, packages_above_depth=None, packages_select_by_dep=None, packages_skip_by_dep=None, packages_skip_up_to=None, packages_select_build_failed=False, packages_skip_build_finished=False, packages_select_test_failures=False, packages_skip_test_passed=False, packages_select=['robot_patrol'], packages_skip=None, packages_select_regex=None, packages_skip_regex=None, packages_start=None, packages_end=None, lookup_in_workspace=False, cargo_args=None, clean_build=False, cmake_args=None, cmake_target=None, cmake_target_skip_unavailable=False, cmake_clean_cache=False, cmake_clean_first=False, cmake_force_configure=False, ament_cmake_args=None, catkin_cmake_args=None, catkin_skip_building_tests=False, mixin_files=None, mixin=None, verb_parser=<colcon_mixin.mixin.mixin_argument.MixinArgumentDecorator object at 0x7f75ccb2fa30>, verb_extension=<colcon_core.verb.build.BuildVerb object at 0x7f75cca9e7d0>, main=<bound method BuildVerb.main of <colcon_core.verb.build.BuildVerb object at 0x7f75cca9e7d0>>, mixin_verb=('build',))
[11.412s] Level 1:colcon.colcon_core.package_discovery:discover_packages(colcon_meta) check parameters
[11.412s] Level 1:colcon.colcon_core.package_discovery:discover_packages(recursive) check parameters
[11.412s] Level 1:colcon.colcon_core.package_discovery:discover_packages(ignore) check parameters
[11.412s] Level 1:colcon.colcon_core.package_discovery:discover_packages(path) check parameters
[11.412s] Level 1:colcon.colcon_core.package_discovery:discover_packages(colcon_meta) discover
[11.412s] Level 1:colcon.colcon_core.package_discovery:discover_packages(recursive) discover
[11.412s] INFO:colcon.colcon_core.package_discovery:Crawling recursively for packages in '/home/user/ros2_ws/src/citylab_project/robot_patrol/launch'
[11.412s] Level 1:colcon.colcon_core.package_identification:_identify(.) by extensions ['ignore', 'ignore_ament_install']
[11.412s] Level 1:colcon.colcon_core.package_identification:_identify(.) by extension 'ignore'
[11.412s] Level 1:colcon.colcon_core.package_identification:_identify(.) by extension 'ignore_ament_install'
[11.413s] Level 1:colcon.colcon_core.package_identification:_identify(.) by extensions ['colcon_pkg']
[11.413s] Level 1:colcon.colcon_core.package_identification:_identify(.) by extension 'colcon_pkg'
[11.413s] Level 1:colcon.colcon_core.package_identification:_identify(.) by extensions ['colcon_meta']
[11.413s] Level 1:colcon.colcon_core.package_identification:_identify(.) by extension 'colcon_meta'
[11.413s] Level 1:colcon.colcon_core.package_identification:_identify(.) by extensions ['ament_cargo']
[11.413s] Level 1:colcon.colcon_core.package_identification:_identify(.) by extension 'ament_cargo'
[11.413s] Level 1:colcon.colcon_core.package_identification:_identify(.) by extensions ['ros']
[11.413s] Level 1:colcon.colcon_core.package_identification:_identify(.) by extension 'ros'
[11.433s] Level 1:colcon.colcon_core.package_identification:_identify(.) by extensions ['cargo', 'cmake', 'python']
[11.433s] Level 1:colcon.colcon_core.package_identification:_identify(.) by extension 'cargo'
[11.433s] Level 1:colcon.colcon_core.package_identification:_identify(.) by extension 'cmake'
[11.434s] Level 1:colcon.colcon_core.package_identification:_identify(.) by extension 'python'
[11.434s] Level 1:colcon.colcon_core.package_identification:_identify(.) by extensions ['python_setup_py']
[11.434s] Level 1:colcon.colcon_core.package_identification:_identify(.) by extension 'python_setup_py'
[11.434s] Level 1:colcon.colcon_core.package_identification:_identify(build) by extensions ['ignore', 'ignore_ament_install']
[11.434s] Level 1:colcon.colcon_core.package_identification:_identify(build) by extension 'ignore'
[11.434s] Level 1:colcon.colcon_core.package_identification:_identify(build) ignored
[11.434s] Level 1:colcon.colcon_core.package_identification:_identify(install) by extensions ['ignore', 'ignore_ament_install']
[11.434s] Level 1:colcon.colcon_core.package_identification:_identify(install) by extension 'ignore'
[11.434s] Level 1:colcon.colcon_core.package_identification:_identify(install) ignored
[11.435s] Level 1:colcon.colcon_core.package_identification:_identify(log) by extensions ['ignore', 'ignore_ament_install']
[11.435s] Level 1:colcon.colcon_core.package_identification:_identify(log) by extension 'ignore'
[11.435s] Level 1:colcon.colcon_core.package_identification:_identify(log) ignored
[11.435s] Level 1:colcon.colcon_core.package_discovery:discover_packages(recursive) using defaults
[11.435s] Level 1:colcon.colcon_core.package_discovery:discover_packages(ignore) discover
[11.435s] Level 1:colcon.colcon_core.package_discovery:discover_packages(ignore) using defaults
[11.435s] Level 1:colcon.colcon_core.package_discovery:discover_packages(path) discover
[11.435s] Level 1:colcon.colcon_core.package_discovery:discover_packages(path) using defaults
[11.437s] WARNING:colcon.colcon_core.package_selection:ignoring unknown package 'robot_patrol' in --packages-select
[11.569s] INFO:colcon.colcon_core.executor:Executing jobs using 'parallel' executor
[11.580s] DEBUG:colcon.colcon_parallel_executor.executor.parallel:run_until_complete
[11.581s] DEBUG:colcon.colcon_parallel_executor.executor.parallel:closing loop
[11.581s] DEBUG:colcon.colcon_parallel_executor.executor.parallel:loop closed
[11.581s] DEBUG:colcon.colcon_parallel_executor.executor.parallel:run_until_complete finished with '0'
[11.581s] DEBUG:colcon.colcon_core.event_reactor:joining thread
[11.600s] INFO:colcon.colcon_core.plugin_system:Skipping extension 'colcon_notification.desktop_notification.notify_send': Could not find 'notify-send'
[11.600s] INFO:colcon.colcon_core.plugin_system:Skipping extension 'colcon_notification.desktop_notification.terminal_notifier': Not used on non-Darwin systems
[11.600s] INFO:colcon.colcon_core.plugin_system:Skipping extension 'colcon_notification.desktop_notification.win32': Not used on non-Windows systems
[11.600s] INFO:colcon.colcon_notification.desktop_notification:Sending desktop notification using 'notify2'
[11.603s] DEBUG:colcon.colcon_notification.desktop_notification.notify2:Failed to initialize notify2: org.freedesktop.DBus.Error.Spawn.ExecFailed: /usr/bin/dbus-launch terminated abnormally without any error message
[11.603s] DEBUG:colcon.colcon_core.event_reactor:joined thread
[11.621s] INFO:colcon.colcon_core.plugin_system:Skipping extension 'colcon_core.shell.bat': Not used on non-Windows systems
[11.621s] INFO:colcon.colcon_core.shell:Creating prefix script '/home/user/ros2_ws/src/citylab_project/robot_patrol/launch/install/local_setup.ps1'
[11.628s] INFO:colcon.colcon_core.shell:Creating prefix util module '/home/user/ros2_ws/src/citylab_project/robot_patrol/launch/install/_local_setup_util_ps1.py'
[11.633s] INFO:colcon.colcon_core.shell:Creating prefix chain script '/home/user/ros2_ws/src/citylab_project/robot_patrol/launch/install/setup.ps1'
[11.748s] INFO:colcon.colcon_core.shell:Creating prefix script '/home/user/ros2_ws/src/citylab_project/robot_patrol/launch/install/local_setup.sh'
[11.750s] INFO:colcon.colcon_core.shell:Creating prefix util module '/home/user/ros2_ws/src/citylab_project/robot_patrol/launch/install/_local_setup_util_sh.py'
[11.751s] INFO:colcon.colcon_core.shell:Creating prefix chain script '/home/user/ros2_ws/src/citylab_project/robot_patrol/launch/install/setup.sh'
[11.757s] INFO:colcon.colcon_core.shell:Creating prefix script '/home/user/ros2_ws/src/citylab_project/robot_patrol/launch/install/local_setup.bash'
[11.759s] INFO:colcon.colcon_core.shell:Creating prefix chain script '/home/user/ros2_ws/src/citylab_project/robot_patrol/launch/install/setup.bash'
[11.766s] INFO:colcon.colcon_core.shell:Creating prefix script '/home/user/ros2_ws/src/citylab_project/robot_patrol/launch/install/local_setup.zsh'
[11.781s] INFO:colcon.colcon_core.shell:Creating prefix chain script '/home/user/ros2_ws/src/citylab_project/robot_patrol/launch/install/setup.zsh'
